Base path: /Applications/Unity5.2/Unity.app/Contents
Pipe name: \\.\pipe\UnityShaderCompiler-64bit-1-1959273216
Cmd: getPlatforms
Cmd: preprocess
  insize=612 outsize=612 ok=1
Cmd: preprocess
  insize=1574 outsize=868 ok=1
Cmd: compileSnippet
  api=0 type=0 insize=1008 outsize=429 kw= pd= ok=1
Cmd: compileSnippet
  api=0 type=1 insize=1008 outsize=6 kw= pd= ok=1
Cmd: preprocess
  insize=204 outsize=204 ok=1
Cmd: preprocess
  insize=1505 outsize=522 ok=1
Cmd: compileSnippet
  api=0 type=0 insize=1285 outsize=1091 kw= pd= ok=1
Cmd: compileSnippet
  api=0 type=1 insize=1285 outsize=6 kw= pd= ok=1
Cmd: preprocess
  insize=685 outsize=1168 ok=1
Cmd: compileSnippet
  api=0 type=0 insize=7013 outsize=2310 kw=DIRECTIONAL LIGHTMAP_OFF DIRLIGHTMAP_OFF DYNAMICLIGHTMAP_OFF pd= ok=1
Cmd: compileSnippet
  api=0 type=1 insize=7013 outsize=6 kw=DIRECTIONAL LIGHTMAP_OFF DIRLIGHTMAP_OFF DYNAMICLIGHTMAP_OFF pd= ok=1
Cmd: compileSnippet
  api=0 type=0 insize=3760 outsize=1830 kw=POINT pd= ok=1
Cmd: compileSnippet
  api=0 type=1 insize=3760 outsize=6 kw=POINT pd= ok=1
Cmd: compileSnippet
  api=0 type=0 insize=3282 outsize=2439 kw= pd= ok=1
Cmd: compileSnippet
  api=0 type=1 insize=3282 outsize=6 kw= pd= ok=1
Cmd: preprocess
  insize=680 outsize=1168 ok=1
Cmd: compileSnippet
  api=0 type=0 insize=7007 outsize=2310 kw=DIRECTIONAL LIGHTMAP_OFF DIRLIGHTMAP_OFF DYNAMICLIGHTMAP_OFF pd= ok=1
Cmd: compileSnippet
  api=0 type=1 insize=7007 outsize=6 kw=DIRECTIONAL LIGHTMAP_OFF DIRLIGHTMAP_OFF DYNAMICLIGHTMAP_OFF pd= ok=1
Cmd: compileSnippet
  api=0 type=0 insize=3754 outsize=1830 kw=POINT pd= ok=1
Cmd: compileSnippet
  api=0 type=1 insize=3754 outsize=6 kw=POINT pd= ok=1
Cmd: compileSnippet
  api=0 type=0 insize=3276 outsize=2439 kw= pd= ok=1
Cmd: compileSnippet
  api=0 type=1 insize=3276 outsize=6 kw= pd= ok=1
Cmd: preprocess
  insize=1150 outsize=435 ok=1
Cmd: compileSnippet
  api=0 type=0 insize=1017 outsize=429 kw= pd= ok=1
Cmd: compileSnippet
  api=0 type=1 insize=1017 outsize=6 kw= pd= ok=1
Cmd: preprocess
  insize=1551 outsize=845 ok=1
Cmd: preprocess
  insize=3195 outsize=1034 ok=1
Cmd: compileSnippet
  api=0 type=0 insize=2465 outsize=1254 kw=DUMMY pd= ok=1
Cmd: compileSnippet
  api=0 type=1 insize=2465 outsize=6 kw=DUMMY pd= ok=1
Cmd: preprocess
  insize=196 outsize=196 ok=1
Cmd: preprocess
  insize=2306 outsize=1049 ok=1
Cmd: compileSnippet
  api=0 type=0 insize=1558 outsize=567 kw=SOFTPARTICLES_OFF pd= ok=1
Cmd: compileSnippet
  api=0 type=1 insize=1558 outsize=6 kw=SOFTPARTICLES_OFF pd= ok=1
Cmd: preprocess
  insize=1551 outsize=845 ok=1
Cmd: preprocess
  insize=1187 outsize=474 ok=1
Cmd: compileSnippet
  api=0 type=0 insize=1015 outsize=429 kw= pd= ok=1
Cmd: compileSnippet
  api=0 type=1 insize=1015 outsize=6 kw= pd= ok=1
Cmd: preprocess
  insize=1126 outsize=413 ok=1
Cmd: preprocess
  insize=2649 outsize=860 ok=1
Cmd: compileSnippet
  api=0 type=0 insize=2093 outsize=1090 kw=DUMMY pd= ok=1
Cmd: compileSnippet
  api=0 type=1 insize=2093 outsize=6 kw=DUMMY pd= ok=1
Cmd: preprocess
  insize=683 outsize=1673 ok=1
Cmd: compileSnippet
  api=0 type=0 insize=7168 outsize=2417 kw=DIRECTIONAL SHADOWS_OFF LIGHTMAP_OFF DIRLIGHTMAP_OFF DYNAMICLIGHTMAP_OFF pd= ok=1
Cmd: compileSnippet
  api=0 type=1 insize=7168 outsize=6 kw=DIRECTIONAL SHADOWS_OFF LIGHTMAP_OFF DIRLIGHTMAP_OFF DYNAMICLIGHTMAP_OFF pd= ok=1
Cmd: compileSnippet
  api=0 type=0 insize=3901 outsize=1937 kw=POINT pd= ok=1
Cmd: compileSnippet
  api=0 type=1 insize=3901 outsize=6 kw=POINT pd= ok=1
Cmd: compileSnippet
  api=0 type=0 insize=3316 outsize=1390 kw= pd= ok=1
Cmd: compileSnippet
  api=0 type=1 insize=3316 outsize=6 kw= pd= ok=1
Cmd: compileSnippet
  api=0 type=0 insize=6182 outsize=2805 kw=LIGHTMAP_OFF DIRLIGHTMAP_OFF DYNAMICLIGHTMAP_OFF HDR_LIGHT_PREPASS_OFF pd= ok=1
Cmd: compileSnippet
  api=0 type=1 insize=6182 outsize=6 kw=LIGHTMAP_OFF DIRLIGHTMAP_OFF DYNAMICLIGHTMAP_OFF HDR_LIGHT_PREPASS_OFF pd= ok=1
Cmd: compileSnippet
  api=0 type=0 insize=6049 outsize=2726 kw=LIGHTMAP_OFF DIRLIGHTMAP_OFF DYNAMICLIGHTMAP_OFF HDR_LIGHT_PREPASS_OFF pd= ok=1
Cmd: compileSnippet
  api=0 type=1 insize=6049 outsize=6 kw=LIGHTMAP_OFF DIRLIGHTMAP_OFF DYNAMICLIGHTMAP_OFF HDR_LIGHT_PREPASS_OFF pd= ok=1
Cmd: compileSnippet
  api=0 type=0 insize=3339 outsize=2546 kw= pd= ok=1
Cmd: compileSnippet
  api=0 type=1 insize=3339 outsize=6 kw= pd= ok=1
Cmd: preprocess
  insize=1335 outsize=540 ok=1
Cmd: compileSnippet
  api=0 type=0 insize=1097 outsize=553 kw= pd= ok=1
Cmd: compileSnippet
  api=0 type=1 insize=1097 outsize=6 kw= pd= ok=1
Cmd: preprocess
  insize=1100 outsize=363 ok=1
Cmd: compileSnippet
  api=0 type=0 insize=1037 outsize=712 kw= pd= ok=1
Cmd: compileSnippet
  api=0 type=1 insize=1037 outsize=6 kw= pd= ok=1
Cmd: preprocess
  insize=2306 outsize=1049 ok=1
Cmd: preprocess
  insize=577 outsize=1579 ok=1
Cmd: compileSnippet
  api=0 type=0 insize=7090 outsize=2351 kw=DIRECTIONAL SHADOWS_OFF LIGHTMAP_OFF DIRLIGHTMAP_OFF DYNAMICLIGHTMAP_OFF pd= ok=1
Cmd: compileSnippet
  api=0 type=1 insize=7090 outsize=6 kw=DIRECTIONAL SHADOWS_OFF LIGHTMAP_OFF DIRLIGHTMAP_OFF DYNAMICLIGHTMAP_OFF pd= ok=1
Cmd: compileSnippet
  api=0 type=0 insize=3836 outsize=1831 kw=POINT pd= ok=1
Cmd: compileSnippet
  api=0 type=1 insize=3836 outsize=6 kw=POINT pd= ok=1
Cmd: compileSnippet
  api=0 type=0 insize=2969 outsize=978 kw= pd= ok=1
Cmd: compileSnippet
  api=0 type=1 insize=2969 outsize=6 kw= pd= ok=1
Cmd: compileSnippet
  api=0 type=0 insize=6103 outsize=2699 kw=LIGHTMAP_OFF DIRLIGHTMAP_OFF DYNAMICLIGHTMAP_OFF HDR_LIGHT_PREPASS_OFF pd= ok=1
Cmd: compileSnippet
  api=0 type=1 insize=6103 outsize=6 kw=LIGHTMAP_OFF DIRLIGHTMAP_OFF DYNAMICLIGHTMAP_OFF HDR_LIGHT_PREPASS_OFF pd= ok=1
Cmd: compileSnippet
  api=0 type=0 insize=5980 outsize=2703 kw=LIGHTMAP_OFF DIRLIGHTMAP_OFF DYNAMICLIGHTMAP_OFF HDR_LIGHT_PREPASS_OFF pd= ok=1
Cmd: compileSnippet
  api=0 type=1 insize=5980 outsize=6 kw=LIGHTMAP_OFF DIRLIGHTMAP_OFF DYNAMICLIGHTMAP_OFF HDR_LIGHT_PREPASS_OFF pd= ok=1
Cmd: compileSnippet
  api=0 type=0 insize=3234 outsize=2395 kw= pd= ok=1
Cmd: compileSnippet
  api=0 type=1 insize=3234 outsize=6 kw= pd= ok=1
Cmd: preprocess
  insize=1862 outsize=1031 ok=1
Cmd: compileSnippet
  api=0 type=0 insize=1133 outsize=592 kw= pd= ok=1
Cmd: compileSnippet
  api=0 type=1 insize=1133 outsize=6 kw= pd= ok=1
Cmd: preprocess
  insize=1180 outsize=468 ok=1
Cmd: compileSnippet
  api=0 type=0 insize=1014 outsize=429 kw= pd= ok=1
Cmd: compileSnippet
  api=0 type=1 insize=1014 outsize=6 kw= pd= ok=1
Cmd: compileSnippet
  api=0 type=0 insize=751 outsize=1893 kw=SHADOWS_DEPTH pd= ok=1
Cmd: compileSnippet
  api=0 type=1 insize=751 outsize=6 kw=SHADOWS_DEPTH pd= ok=1
Cmd: compileSnippet
  api=0 type=0 insize=982 outsize=10119 kw=DIRECTIONAL SHADOWS_OFF LIGHTMAP_OFF DIRLIGHTMAP_OFF DYNAMICLIGHTMAP_OFF pd= ok=1
Cmd: compileSnippet
  api=0 type=1 insize=982 outsize=6 kw=DIRECTIONAL SHADOWS_OFF LIGHTMAP_OFF DIRLIGHTMAP_OFF DYNAMICLIGHTMAP_OFF pd= ok=1
Cmd: compileSnippet
  api=0 type=0 insize=938 outsize=5777 kw=DIRECTIONAL SHADOWS_OFF pd= ok=1
Cmd: compileSnippet
  api=0 type=1 insize=938 outsize=6 kw=DIRECTIONAL SHADOWS_OFF pd= ok=1
Cmd: compileSnippet
  api=0 type=0 insize=541 outsize=1893 kw=SHADOWS_DEPTH pd= ok=1
Cmd: compileSnippet
  api=0 type=1 insize=541 outsize=6 kw=SHADOWS_DEPTH pd= ok=1
Cmd: compileSnippet
  api=0 type=0 insize=7139 outsize=2704 kw=DIRECTIONAL SHADOWS_OFF LIGHTMAP_OFF DIRLIGHTMAP_OFF DYNAMICLIGHTMAP_OFF pd= ok=1
Cmd: compileSnippet
  api=0 type=1 insize=7139 outsize=6 kw=DIRECTIONAL SHADOWS_OFF LIGHTMAP_OFF DIRLIGHTMAP_OFF DYNAMICLIGHTMAP_OFF pd= ok=1
Cmd: compileSnippet
  api=0 type=0 insize=3868 outsize=1865 kw=DIRECTIONAL pd= ok=1
Cmd: compileSnippet
  api=0 type=1 insize=3868 outsize=6 kw=DIRECTIONAL pd= ok=1
Cmd: compileSnippet
  api=0 type=0 insize=7060 outsize=2656 kw=DIRECTIONAL LIGHTMAP_OFF DIRLIGHTMAP_OFF DYNAMICLIGHTMAP_OFF pd= ok=1
Cmd: compileSnippet
  api=0 type=1 insize=7060 outsize=6 kw=DIRECTIONAL LIGHTMAP_OFF DIRLIGHTMAP_OFF DYNAMICLIGHTMAP_OFF pd= ok=1
Cmd: compileSnippet
  api=0 type=0 insize=3790 outsize=1817 kw=DIRECTIONAL pd= ok=1
Cmd: compileSnippet
  api=0 type=1 insize=3790 outsize=6 kw=DIRECTIONAL pd= ok=1
Cmd: compileSnippet
  api=0 type=0 insize=13030 outsize=6315 kw=UNITY_COLORSPACE_GAMMA _SUNDISK_SIMPLE pd= ok=1
Cmd: compileSnippet
  api=0 type=1 insize=13030 outsize=6 kw=UNITY_COLORSPACE_GAMMA _SUNDISK_SIMPLE pd= ok=1
Cmd: compileSnippet
  api=0 type=0 insize=1706 outsize=611 kw=SOFTPARTICLES_OFF pd= ok=1
Cmd: compileSnippet
  api=0 type=1 insize=1706 outsize=6 kw=SOFTPARTICLES_OFF pd= ok=1
